# JRE version: Java(TM) SE Runtime Environment 18.9 (11.0.18+9) (build 11.0.18+9-LTS-195)
# Java VM: Java HotSpot(TM) 64-Bit Server VM 18.9 (11.0.18+9-LTS-195, mixed mode, tiered, compressed oops, g1 gc, windows-amd64)
Heap:
 garbage-first heap   total 126976K, used 76896K [0x00000000e0000000, 0x0000000100000000)
  region size 1024K, 52 young (53248K), 9 survivors (9216K)
 Metaspace       used 53200K, capacity 54685K, committed 54856K, reserved 1097728K
  class space    used 6820K, capacity 7413K, committed 7424K, reserved 1048576K
GC Heap History (10 events):
Event: 2.581 GC heap before
{Heap before GC invocations=5 (full 0):
 garbage-first heap   total 126976K, used 75958K [0x00000000e0000000, 0x0000000100000000)
  region size 1024K, 60 young (61440K), 2 survivors (2048K)
 Metaspace       used 27455K, capacity 28306K, committed 28592K, reserved 1075200K
  class space    used 3439K, capacity 3747K, committed 3840K, reserved 1048576K
}
Event: 2.584 GC heap after
{Heap after GC invocations=6 (full 0):
 garbage-first heap   total 126976K, used 18155K [0x00000000e0000000, 0x0000000100000000)
  region size 1024K, 4 young (4096K), 4 survivors (4096K)
 Metaspace       used 27455K, capacity 28306K, committed 28592K, reserved 1075200K
  class space    used 3439K, capacity 3747K, committed 3840K, reserved 1048576K
}
Event: 3.230 GC heap before
{Heap before GC invocations=6 (full 0):
 garbage-first heap   total 126976K, used 80619K [0x00000000e0000000, 0x0000000100000000)
  region size 1024K, 65 young (66560K), 4 survivors (4096K)
 Metaspace       used 33265K, capacity 34249K, committed 34352K, reserved 1079296K
  class space    used 4276K, capacity 4678K, committed 4736K, reserved 1048576K
}
Event: 3.235 GC heap after
{Heap after GC invocations=7 (full 0):
 garbage-first heap   total 126976K, used 20082K [0x00000000e0000000, 0x0000000100000000)
  region size 1024K, 6 young (6144K), 6 survivors (6144K)
 Metaspace       used 33265K, capacity 34249K, committed 34352K, reserved 1079296K
  class space    used 4276K, capacity 4678K, committed 4736K, reserved 1048576K
}
Event: 3.324 GC heap before
{Heap before GC invocations=7 (full 0):
 garbage-first heap   total 126976K, used 25202K [0x00000000e0000000, 0x0000000100000000)
  region size 1024K, 12 young (12288K), 6 survivors (6144K)
 Metaspace       used 34536K, capacity 35609K, committed 35708K, reserved 1081344K
  class space    used 4424K, capacity 4838K, committed 4864K, reserved 1048576K
}
Event: 3.330 GC heap after
{Heap after GC invocations=8 (full 0):
 garbage-first heap   total 126976K, used 20586K [0x00000000e0000000, 0x0000000100000000)
  region size 1024K, 5 young (5120K), 5 survivors (5120K)
 Metaspace       used 34536K, capacity 35609K, committed 35708K, reserved 1081344K
  class space    used 4424K, capacity 4838K, committed 4864K, reserved 1048576K
}
Event: 4.074 GC heap before
{Heap before GC invocations=9 (full 0):
 garbage-first heap   total 126976K, used 86122K [0x00000000e0000000, 0x0000000100000000)
  region size 1024K, 69 young (70656K), 5 survivors (5120K)
 Metaspace       used 42796K, capacity 44015K, committed 44232K, reserved 1087488K
  class space    used 5451K, capacity 5944K, committed 6016K, reserved 1048576K
}
Event: 4.082 GC heap after
{Heap after GC invocations=10 (full 0):
 garbage-first heap   total 126976K, used 24107K [0x00000000e0000000, 0x0000000100000000)
  region size 1024K, 9 young (9216K), 9 survivors (9216K)
 Metaspace       used 42796K, capacity 44015K, committed 44232K, reserved 1087488K
  class space    used 5451K, capacity 5944K, committed 6016K, reserved 1048576K
}
Event: 4.726 GC heap before
{Heap before GC invocations=11 (full 0):
 garbage-first heap   total 126976K, used 89643K [0x00000000e0000000, 0x0000000100000000)
  region size 1024K, 73 young (74752K), 9 survivors (9216K)
 Metaspace       used 49202K, capacity 50600K, committed 50760K, reserved 1093632K
  class space    used 6262K, capacity 6787K, committed 6912K, reserved 1048576K
}
Event: 4.734 GC heap after
{Heap after GC invocations=12 (full 0):
 garbage-first heap   total 126976K, used 28768K [0x00000000e0000000, 0x0000000100000000)
  region size 1024K, 9 young (9216K), 9 survivors (9216K)
 Metaspace       used 49202K, capacity 50600K, committed 50760K, reserved 1093632K
  class space    used 6262K, capacity 6787K, committed 6912K, reserved 1048576K
}

