# JRE version: Java(TM) SE Runtime Environment 18.9 (11.0.18+9) (build 11.0.18+9-LTS-195)
# Java VM: Java HotSpot(TM) 64-Bit Server VM 18.9 (11.0.18+9-LTS-195, mixed mode, tiered, compressed oops, g1 gc, windows-amd64)
Heap:
 garbage-first heap   total 126976K, used 69097K [0x00000000e0000000, 0x0000000100000000)
  region size 1024K, 31 young (31744K), 5 survivors (5120K)
 Metaspace       used 84246K, capacity 85932K, committed 86128K, reserved 1124352K
  class space    used 11409K, capacity 12076K, committed 12108K, reserved 1048576K
GC Heap History (10 events):
Event: 10.399 GC heap before
{Heap before GC invocations=15 (full 0):
 garbage-first heap   total 126976K, used 99874K [0x00000000e0000000, 0x0000000100000000)
  region size 1024K, 66 young (67584K), 5 survivors (5120K)
 Metaspace       used 68679K, capacity 70247K, committed 70512K, reserved 1110016K
  class space    used 8811K, capacity 9444K, committed 9548K, reserved 1048576K
}
Event: 10.402 GC heap after
{Heap after GC invocations=16 (full 0):
 garbage-first heap   total 126976K, used 37966K [0x00000000e0000000, 0x0000000100000000)
  region size 1024K, 5 young (5120K), 5 survivors (5120K)
 Metaspace       used 68679K, capacity 70247K, committed 70512K, reserved 1110016K
  class space    used 8811K, capacity 9444K, committed 9548K, reserved 1048576K
}
Event: 10.886 GC heap before
{Heap before GC invocations=16 (full 0):
 garbage-first heap   total 126976K, used 102478K [0x00000000e0000000, 0x0000000100000000)
  region size 1024K, 68 young (69632K), 5 survivors (5120K)
 Metaspace       used 75325K, capacity 76943K, committed 77168K, reserved 1116160K
  class space    used 10055K, capacity 10723K, committed 10828K, reserved 1048576K
}
Event: 10.890 GC heap after
{Heap after GC invocations=17 (full 0):
 garbage-first heap   total 126976K, used 38602K [0x00000000e0000000, 0x0000000100000000)
  region size 1024K, 6 young (6144K), 6 survivors (6144K)
 Metaspace       used 75325K, capacity 76943K, committed 77168K, reserved 1116160K
  class space    used 10055K, capacity 10723K, committed 10828K, reserved 1048576K
}
Event: 11.269 GC heap before
{Heap before GC invocations=17 (full 0):
 garbage-first heap   total 126976K, used 102090K [0x00000000e0000000, 0x0000000100000000)
  region size 1024K, 69 young (70656K), 6 survivors (6144K)
 Metaspace       used 78544K, capacity 80204K, committed 80496K, reserved 1118208K
  class space    used 10532K, capacity 11212K, committed 11340K, reserved 1048576K
}
Event: 11.274 GC heap after
{Heap after GC invocations=18 (full 0):
 garbage-first heap   total 126976K, used 41705K [0x00000000e0000000, 0x0000000100000000)
  region size 1024K, 7 young (7168K), 7 survivors (7168K)
 Metaspace       used 78544K, capacity 80204K, committed 80496K, reserved 1118208K
  class space    used 10532K, capacity 11212K, committed 11340K, reserved 1048576K
}
Event: 11.501 GC heap before
{Heap before GC invocations=18 (full 0):
 garbage-first heap   total 126976K, used 103145K [0x00000000e0000000, 0x0000000100000000)
  region size 1024K, 67 young (68608K), 7 survivors (7168K)
 Metaspace       used 80366K, capacity 82092K, committed 82288K, reserved 1120256K
  class space    used 10814K, capacity 11500K, committed 11596K, reserved 1048576K
}
Event: 11.505 GC heap after
{Heap after GC invocations=19 (full 0):
 garbage-first heap   total 126976K, used 42997K [0x00000000e0000000, 0x0000000100000000)
  region size 1024K, 6 young (6144K), 6 survivors (6144K)
 Metaspace       used 80366K, capacity 82092K, committed 82288K, reserved 1120256K
  class space    used 10814K, capacity 11500K, committed 11596K, reserved 1048576K
}
Event: 11.780 GC heap before
{Heap before GC invocations=19 (full 0):
 garbage-first heap   total 126976K, used 104437K [0x00000000e0000000, 0x0000000100000000)
  region size 1024K, 66 young (67584K), 6 survivors (6144K)
 Metaspace       used 83187K, capacity 84876K, committed 84976K, reserved 1122304K
  class space    used 11229K, capacity 11916K, committed 11980K, reserved 1048576K
}
Event: 11.784 GC heap after
{Heap after GC invocations=20 (full 0):
 garbage-first heap   total 126976K, used 43497K [0x00000000e0000000, 0x0000000100000000)
  region size 1024K, 5 young (5120K), 5 survivors (5120K)
 Metaspace       used 83187K, capacity 84876K, committed 84976K, reserved 1122304K
  class space    used 11229K, capacity 11916K, committed 11980K, reserved 1048576K
}

